INFO: main: Load Success?
INFO: main: Generating X_AND2 ...
INFO: main: Generating X_AND3 ...
INFO: main: Generating X_AND32 ...
INFO: main: Generating X_AND16 ...
INFO: main: Generating X_AND4 ...
INFO: main: Generating X_AND6 ...
INFO: main: Generating X_AND7 ...
INFO: main: Generating X_AND5 ...
INFO: main: Generating X_AND8 ...
INFO: main: Generating X_AND9 ...
INFO: main: Generating X_AUTOBUF ...
INFO: main: Generating X_BPAD ...
INFO: main: Generating X_AND2B1L ...
INFO: main: Generating X_BSCAN_FPGACORE ...
INFO: main: Generating X_BSCAN_SPARTAN3 ...
INFO: main: Generating X_BSCAN_SPARTAN3A ...
INFO: main: Generating X_BSCANE2 ...
INFO: main: Generating X_BSCAN_SPARTAN6 ...
INFO: main: Generating X_BSCAN_VIRTEX4 ...
INFO: main: Generating X_BSCAN_VIRTEX6 ...
INFO: main: Generating X_BUF ...
INFO: main: Generating X_BUFGCTRL ...
INFO: main: Generating X_BSCAN_VIRTEX5 ...
INFO: main: Generating X_BUFGMUX ...
INFO: main: Generating X_BUFG_LB ...
INFO: main: Generating X_BUFHCE ...
INFO: main: Generating X_BUFGMUX_1 ...
INFO: main: Generating X_BUFIO2FB ...
INFO: main: Generating X_BUFIO2 ...
INFO: main: Generating X_BUFIODQS ...
INFO: main: Generating X_BUFIO2_2CLK ...
INFO: main: Generating X_BUFMRCE ...
INFO: main: Generating X_BUFPLL_MCB ...
INFO: main: Generating X_BUFPLL ...
INFO: main: Generating X_CAPTUREE2 ...
INFO: main: Generating X_CAPTURE_VIRTEX6 ...
INFO: main: Generating X_BUFR ...
INFO: main: Generating X_CKBUF ...
INFO: main: Generating X_CARRY4 ...
INFO: main: Generating X_CLKDLL ...
INFO: main: Generating x_clkdll_maximum_period_check ...
INFO: main: Generating X_CLK_DIV ...
INFO: main: Generating X_CLKDLLE ...
INFO: main: Generating x_clkdlle_maximum_period_check ...
INFO: main: Generating X_CRC32 ...
INFO: main: Generating X_DCM ...
INFO: main: Generating x_dcm_clock_divide_by_2 ...
INFO: main: Generating x_dcm_maximum_period_check ...
INFO: main: Generating x_dcm_clock_lost ...
INFO: main: Generating X_ARAMB36_INTERNAL ...
INFO: main: Generating X_CRC64 ...
INFO: main: Generating X_DCM_CLKGEN ...
INFO: main: Generating X_DNA_PORT ...
INFO: main: Generating X_DSP48 ...
INFO: main: Generating X_DCM_SP ...
INFO: main: Generating x_dcm_sp_clock_divide_by_2 ...
INFO: main: Generating x_dcm_sp_maximum_period_check ...
INFO: main: Generating x_dcm_sp_clock_lost ...
INFO: main: Generating X_DCM_ADV ...
INFO: main: Generating x_dcm_adv_clock_divide_by_2 ...
INFO: main: Generating x_dcm_adv_maximum_period_check ...
INFO: main: Generating x_dcm_adv_clock_lost ...
INFO: main: Generating X_DSP48A ...
INFO: main: Generating X_AFIFO36_INTERNAL ...
INFO: main: Generating X_EFUSE_USR ...
INFO: main: Generating X_DSP48A1 ...
INFO: main: Generating X_FDD ...
INFO: main: Generating X_FDDRCPE ...
INFO: main: Generating X_DSP48E1 ...
INFO: main: Generating X_FF ...
INFO: main: Generating X_FDDRRSE ...
INFO: main: Generating X_FF_CPLD ...
INFO: main: Generating X_DSP48E ...
INFO: main: Generating X_FIFO18 ...
INFO: main: Generating X_FIFO18_36 ...
INFO: main: Generating X_EMAC ...
INFO: main: Generating X_FIFO36_72_EXP ...
INFO: main: Generating X_FIFO16 ...
INFO: main: Generating X_FIFO36_EXP ...
INFO: main: Generating X_FRAME_ECCE2 ...
INFO: main: Generating X_FRAME_ECC_VIRTEX6 ...
INFO: main: Generating X_GT11CLK ...
INFO: main: Generating X_GT11 ...
INFO: main: Generating X_GTHE2_CHANNEL ...
INFO: main: Generating X_GTHE2_COMMON ...
INFO: main: Generating X_GTHE1_QUAD ...
INFO: main: Generating X_GTPA1_DUAL ...
INFO: main: Generating X_GTPE2_COMMON ...
INFO: main: Generating X_GTPE2_CHANNEL ...
INFO: main: Generating X_GTP_DUAL ...
INFO: main: Generating X_GTXE2_CHANNEL ...
INFO: main: Generating X_GTXE1 ...
INFO: main: Generating X_GTXE2_COMMON ...
INFO: main: Generating X_IBUFDS ...
INFO: main: Generating X_IBUFDS_DIFF_OUT_IBUFDISABLE ...
INFO: main: Generating X_IBUFDS_DLY_ADJ ...
INFO: main: Generating X_IBUFDS_GTE2 ...
INFO: main: Generating X_IBUFDS_GTHE1 ...
INFO: main: Generating X_IBUFDS_GTXE1 ...
INFO: main: Generating X_IBUFDS_IBUFDISABLE ...
INFO: main: Generating X_IBUFDS_IBUFDISABLE_TPWRGT ...
INFO: main: Generating X_IBUFDS_INTERMDISABLE ...
INFO: main: Generating X_IBUFDS_INTERMDISABLE_TPWRGT ...
INFO: main: Generating X_IBUF_DLY_ADJ ...
INFO: main: Generating X_IBUF_IBUFDISABLE ...
INFO: main: Generating X_IBUF_IBUFDISABLE_TPWRGT ...
INFO: main: Generating X_IBUF_INTERMDISABLE ...
INFO: main: Generating X_IBUF_INTERMDISABLE_TPWRGT ...
INFO: main: Generating X_ICAPE2 ...
INFO: main: Generating X_ICAP_SPARTAN6 ...
INFO: main: Generating X_ICAP_VIRTEX6 ...
INFO: main: Generating X_IDDR ...
INFO: main: Generating X_IDDR2 ...
INFO: main: Generating X_IDDR_2CLK ...
INFO: main: Generating X_IDELAY ...
INFO: main: Generating X_IDELAYCTRL ...
INFO: main: Generating X_GTX_DUAL ...
INFO: main: Generating X_IDELAYE2 ...
INFO: main: Generating X_INV ...
INFO: main: Generating X_IN_FIFO ...
INFO: main: Generating X_IDELAYE2_FINEDELAY ...
INFO: main: Generating X_IOBUFDS_DIFF_OUT_DCIEN ...
INFO: main: Generating X_IOBUF_DCIEN ...
INFO: main: Generating X_IOBUFDS_DCIEN ...
INFO: main: Generating X_IODELAY ...
INFO: main: Generating X_IODELAYE1 ...
INFO: main: Generating X_IODELAY2 ...
INFO: main: Generating X_IODRP2 ...
INFO: main: Generating X_IPAD ...
INFO: main: Generating X_ISERDES ...
INFO: main: Generating X_FIFO36E1 ...
INFO: main: Generating X_FF36_INTERNAL_VLOG ...
INFO: main: Generating X_IODRP2_MCB ...
INFO: main: Generating X_ISERDESE2 ...
INFO: main: Generating X_ISERDESE1 ...
INFO: main: Generating bscntrl_iserdese1_vlog ...
INFO: main: Generating ice_iserdese1_vlog ...
INFO: main: Generating X_ISERDES_NODELAY ...
INFO: main: Generating X_ISERDES2 ...
INFO: main: Generating X_FIFO18E1 ...
INFO: main: Generating X_FF18_INTERNAL_VLOG ...
INFO: main: Generating X_JTAG_SIM_SPARTAN3A ...
INFO: main: Generating X_JTAG_SIM_SPARTAN6 ...
INFO: main: Generating X_JTAG_SIM_VIRTEX4 ...
INFO: main: Generating X_KEEPER ...
INFO: main: Generating X_LATCH ...
INFO: main: Generating X_LATCHE ...
INFO: main: Generating X_LATCH_CPLD ...
INFO: main: Generating X_JTAG_SIM_VIRTEX5 ...
INFO: main: Generating X_LUT2 ...
INFO: main: Generating X_LUT3 ...
INFO: main: Generating X_JTAG_SIM_VIRTEX6 ...
INFO: main: Generating X_LUT4 ...
INFO: main: Generating X_JTAG_SIME2 ...
INFO: main: Generating X_LUT7 ...
INFO: main: Generating X_LUT8 ...
INFO: main: Generating X_LUT6 ...
INFO: main: Generating X_LUT5 ...
INFO: main: Generating X_LUT6_2 ...
INFO: main: Generating X_MULT18X18 ...
INFO: main: Generating X_MULT18X18S ...
INFO: main: Generating X_MCB ...
INFO: main: Generating X_MUX2 ...
INFO: main: Generating X_OBUF ...
INFO: main: Generating X_OBUFDS ...
INFO: main: Generating X_OBUFT ...
INFO: main: Generating X_OBUFTDS ...
INFO: main: Generating X_OBUFTDS_DCIEN ...
INFO: main: Generating X_OBUFT_DCIEN ...
INFO: main: Generating X_MULT18X18SIO ...
INFO: main: Generating X_ODDR ...
INFO: main: Generating X_MMCM_ADV ...
INFO: main: Generating X_ODDR2 ...
INFO: main: Generating X_ONE ...
INFO: main: Generating X_OPAD ...
INFO: main: Generating X_OR16 ...
INFO: main: Generating X_OR2 ...
INFO: main: Generating X_OR2L ...
INFO: main: Generating X_OR3 ...
INFO: main: Generating X_OR32 ...
INFO: main: Generating X_OR4 ...
INFO: main: Generating X_OR5 ...
INFO: main: Generating X_OR6 ...
INFO: main: Generating X_OR7 ...
INFO: main: Generating X_OR8 ...
INFO: main: Generating X_ODELAYE2 ...
INFO: main: Generating X_OR9 ...
INFO: main: Generating X_MMCME2_ADV ...
INFO: main: Generating X_ODELAYE2_FINEDELAY ...
INFO: main: Generating X_OSERDESE2 ...
INFO: main: Generating X_OUT_FIFO ...
INFO: main: Generating X_OSERDES ...
INFO: main: Generating X_OSERDES2 ...
INFO: main: Generating X_OSERDESE1 ...
INFO: main: Generating selfheal_oserdese1_vlog ...
INFO: main: Generating plg_oserdese1_vlog ...
INFO: main: Generating rank12d_oserdese1_vlog ...
INFO: main: Generating trif_oserdese1_vlog ...
INFO: main: Generating txbuffer_oserdese1_vlog ...
INFO: main: Generating fifo_tdpipe_oserdese1_vlog ...
INFO: main: Generating fifo_reset_oserdese1_vlog ...
INFO: main: Generating fifo_addr_oserdese1_vlog ...
INFO: main: Generating iodlyctrl_npre_oserdese1_vlog ...
INFO: main: Generating dout_oserdese1_vlog ...
INFO: main: Generating tout_oserdese1_vlog ...
INFO: main: Generating X_PCIE_A1 ...
INFO: main: Generating X_PCIE_2_0 ...
INFO: main: Generating X_PD ...
INFO: main: Generating X_PHASER_IN ...
INFO: main: Generating X_PHASER_IN_PHY ...
INFO: main: Generating X_PHASER_OUT ...
INFO: main: Generating X_PHASER_OUT_PHY ...
INFO: main: Generating X_PHASER_REF ...
INFO: main: Generating X_PHY_CONTROL ...
INFO: main: Generating X_PCIE_2_1 ...
INFO: main: Generating X_PLLE2_ADV ...
INFO: main: Generating X_PMCD ...
INFO: main: Generating X_POST_CRC_INTERNAL ...
INFO: main: Generating X_PPC405_ADV ...
INFO: main: Generating FPGA_startup_VIRTEX4 ...
INFO: main: Generating X_PLL_ADV ...
INFO: main: Generating X_PS7 ...
INFO: main: Generating X_PU ...
INFO: main: Generating X_RAM32M ...
INFO: main: Generating X_RAM64M ...
INFO: main: Generating X_RAMB16 ...
INFO: main: Generating X_RAMB16BWE ...
INFO: main: Generating X_PCIE_INTERNAL_1_1 ...
INFO: main: Generating X_RAMB18 ...
INFO: main: Generating X_PCIE_3_0 ...
INFO: main: Generating X_RAMB18SDP ...
INFO: main: Generating X_RAMB16BWER ...
INFO: main: Generating X_RAMB36SDP_EXP ...
INFO: main: Generating X_RAMB36_EXP ...
INFO: main: Generating X_PPC440 ...
INFO: main: Generating X_RAMD128 ...
INFO: main: Generating X_RAMD16 ...
INFO: main: Generating X_RAMD32 ...
INFO: main: Generating X_RAMD64 ...
INFO: main: Generating X_RAMD64_ADV ...
INFO: main: Generating X_RAMS128 ...
INFO: main: Generating X_RAMS16 ...
INFO: main: Generating X_RAMS256 ...
INFO: main: Generating X_RAMS32 ...
INFO: main: Generating X_RAMS64 ...
INFO: main: Generating X_RAMS64_ADV ...
INFO: main: Generating X_SFF ...
INFO: main: Generating X_RAMB8BWER ...
INFO: main: Generating X_RAMB18E1 ...
INFO: main: Generating X_RB18_INTERNAL_VLOG ...
INFO: main: Generating X_RAMB36E1 ...
INFO: main: Generating X_RB36_INTERNAL_VLOG ...
INFO: main: Generating X_SIM_CONFIG_S6_SERIAL ...
INFO: main: Generating X_SIM_CONFIG_S6 ...
INFO: main: Generating X_SIM_CONFIGE2 ...
INFO: main: Generating X_SIM_CONFIG_V6_SERIAL ...
INFO: main: Generating X_SRL16E ...
INFO: main: Generating X_SRLC16E ...
INFO: main: Generating X_SRLC32E ...
INFO: main: Generating X_STARTUPE2 ...
INFO: main: Generating X_STARTUP_FPGACORE ...
INFO: main: Generating X_STARTUP_SPARTAN3 ...
INFO: main: Generating X_STARTUP_SPARTAN3A ...
INFO: main: Generating X_STARTUP_SPARTAN3E ...
INFO: main: Generating X_STARTUP_SPARTAN6 ...
INFO: main: Generating X_STARTUP_VIRTEX4 ...
INFO: main: Generating X_STARTUP_VIRTEX5 ...
INFO: main: Generating X_STARTUP_VIRTEX6 ...
INFO: main: Generating X_STARTUP_VIRTEX6_SELF_TIMING ...
INFO: main: Generating X_SUH ...
INFO: main: Generating X_SUSPEND_SYNC ...
INFO: main: Generating X_SIM_CONFIG_V6 ...
INFO: main: Generating X_SIM_CONFIG_V5 ...
INFO: main: Generating X_SPI_ACCESS ...
INFO: main: Generating X_TRI ...
INFO: main: Generating X_UPAD ...
INFO: main: Generating X_USR_ACCESSE2 ...
INFO: main: Generating X_USR_ACCESS_VIRTEX6 ...
INFO: main: Generating X_TEMAC ...
INFO: main: Generating X_XOR16 ...
INFO: main: Generating X_XOR2 ...
INFO: main: Generating X_XOR3 ...
INFO: main: Generating X_XOR32 ...
INFO: main: Generating X_XOR4 ...
INFO: main: Generating X_XOR5 ...
INFO: main: Generating X_XOR6 ...
INFO: main: Generating X_XOR7 ...
INFO: main: Generating X_XOR8 ...
INFO: main: Generating X_ZERO ...
INFO: main: Generating X_SYSMON ...
INFO: main: Generating X_TEMAC_SINGLE ...
INFO: main: Generating X_XADC ...
